<?xml version="1.0" encoding="UTF-8"?>
<!-- Generated by org.testng.reporters.JUnitReportReporter -->
<testsuite skipped="0" hostname="navaneethas-Air" name="Scripts.testcase10" tests="1" failures="0" timestamp="25 Jun 2018 10:35:41 GMT" time="28.568" errors="0">
  <testcase name="login" time="28.568" classname="Scripts.testcase10"/>
</testsuite> <!-- Scripts.testcase10 -->
