<?xml version="1.0" encoding="UTF-8"?>
<!-- Generated by org.testng.reporters.JUnitReportReporter -->
<testsuite skipped="0" hostname="navaneethas-Air" name="Scripts.testcase1" tests="1" failures="0" timestamp="25 Jun 2018 10:35:41 GMT" time="29.112" errors="0">
  <testcase name="log" time="29.112" classname="Scripts.testcase1"/>
</testsuite> <!-- Scripts.testcase1 -->
