<?xml version="1.0" encoding="UTF-8"?>
<!-- Generated by org.testng.reporters.JUnitReportReporter -->
<testsuite skipped="0" hostname="navaneethas-Air" name="Scripts.testcase8" tests="1" failures="0" timestamp="25 Jun 2018 10:35:41 GMT" time="84.266" errors="0">
  <testcase name="login" time="84.266" classname="Scripts.testcase8"/>
</testsuite> <!-- Scripts.testcase8 -->
